<?xml version="1.0" encoding="UTF-8"?>
<robot generator="Robot 7.1 (Python 3.12.6 on darwin)" generated="2024-09-26T17:42:17.191651" rpa="false" schemaversion="5">
<suite id="s1" name="TC01" source="/Users/7d080017/Desktop/untitled folder/testcase/TC01.robot">
<test id="s1-t1" name="Automate Product Purchase" line="6">
<kw name="Open Browser" owner="common">
<kw name="Open Browser" owner="SeleniumLibrary">
<msg time="2024-09-26T17:42:17.326024" level="INFO">Opening browser 'gc' to base url 'https://training-platform.doppio-tech.com/'.</msg>
<arg>${url}</arg>
<arg>gc</arg>
<doc>Opens a new browser instance to the optional ``url``.</doc>
<status status="PASS" start="2024-09-26T17:42:17.325926" elapsed="2.912079"/>
</kw>
<status status="PASS" start="2024-09-26T17:42:17.325690" elapsed="2.912577"/>
</kw>
<kw name="Click user Icon" owner="home_page">
<kw name="Wait Until Element Is Visible" owner="SeleniumLibrary">
<arg>${home_locator_click_user_icon}</arg>
<arg>10s</arg>
<doc>Waits until the element ``locator`` is visible.</doc>
<status status="PASS" start="2024-09-26T17:42:20.239343" elapsed="0.015711"/>
</kw>
<kw name="Click Element" owner="SeleniumLibrary">
<msg time="2024-09-26T17:42:20.255316" level="INFO">Clicking element 'xpath=//*[@id="app"]/section/header/ul/div/div[2]/div[2]/span'.</msg>
<arg>${home_locator_click_user_icon}</arg>
<doc>Click the element identified by ``locator``.</doc>
<status status="PASS" start="2024-09-26T17:42:20.255178" elapsed="0.044493"/>
</kw>
<status status="PASS" start="2024-09-26T17:42:20.238819" elapsed="0.060931"/>
</kw>
<kw name="Go to Log In page" owner="home_page">
<kw name="Wait Until Element Is Visible" owner="SeleniumLibrary">
<arg>${home_locator_GTL_CSignin}</arg>
<arg>10s</arg>
<doc>Waits until the element ``locator`` is visible.</doc>
<status status="PASS" start="2024-09-26T17:42:20.300194" elapsed="0.008719"/>
</kw>
<kw name="Click Element" owner="SeleniumLibrary">
<msg time="2024-09-26T17:42:20.309137" level="INFO">Clicking element 'xpath=//div[@class="ant-form-item-control-input-content"]//button[@class="css-eq3tly ant-btn ant-btn-default button-login"]'.</msg>
<arg>${home_locator_GTL_CSignin}</arg>
<doc>Click the element identified by ``locator``.</doc>
<status status="PASS" start="2024-09-26T17:42:20.309021" elapsed="0.041672"/>
</kw>
<status status="PASS" start="2024-09-26T17:42:20.300026" elapsed="0.050842"/>
</kw>
<kw name="Input Email" owner="register_page">
<kw name="Input Text" owner="SeleniumLibrary">
<msg time="2024-09-26T17:42:20.352241" level="INFO">Typing text 'doptest08@gmail.com' into text field 'xpath=//*[@id="basic_username"]'.</msg>
<arg>${regis_locator_input-mail}</arg>
<arg>${Register_Email}</arg>
<doc>Types the given ``text`` into the text field identified by ``locator``.</doc>
<status status="PASS" start="2024-09-26T17:42:20.352014" elapsed="0.117257"/>
</kw>
<arg>${Register_Email}</arg>
<status status="PASS" start="2024-09-26T17:42:20.351371" elapsed="0.118007"/>
</kw>
<kw name="Input Password" owner="register_page">
<kw name="Input Text" owner="SeleniumLibrary">
<msg time="2024-09-26T17:42:20.469868" level="INFO">Typing text 'Sj123456789*' into text field 'xpath=//*[@id="basic_password"]'.</msg>
<arg>${regis_locator_input-pass}</arg>
<arg>${Register_Password}</arg>
<doc>Types the given ``text`` into the text field identified by ``locator``.</doc>
<status status="PASS" start="2024-09-26T17:42:20.469746" elapsed="0.160750"/>
</kw>
<arg>${Register_Password}</arg>
<status status="PASS" start="2024-09-26T17:42:20.469554" elapsed="0.161020"/>
</kw>
<kw name="Input Confirm Password" owner="register_page">
<kw name="Input Text" owner="SeleniumLibrary">
<msg time="2024-09-26T17:42:20.631042" level="INFO">Typing text 'Sj123456789*' into text field 'xpath=//*[@id="basic_confirmPassword"]'.</msg>
<arg>${regis_locator_input-CFpass}</arg>
<arg>${Register_Confirm_pass}</arg>
<doc>Types the given ``text`` into the text field identified by ``locator``.</doc>
<status status="PASS" start="2024-09-26T17:42:20.630926" elapsed="0.047037"/>
</kw>
<arg>${Register_Confirm_pass}</arg>
<status status="PASS" start="2024-09-26T17:42:20.630741" elapsed="0.047689"/>
</kw>
<kw name="Click Register Button" owner="register_page">
<kw name="Click Button" owner="SeleniumLibrary">
<msg time="2024-09-26T17:42:20.679542" level="INFO">Clicking button 'xpath=//*[@id="app"]/section/div/div/form/div[4]/div/div/div/div/button'.</msg>
<arg>${regis_locator_Click_btn}</arg>
<doc>Clicks the button identified by ``locator``.</doc>
<status status="PASS" start="2024-09-26T17:42:20.679218" elapsed="0.036241"/>
</kw>
<status status="PASS" start="2024-09-26T17:42:20.678954" elapsed="0.036582"/>
</kw>
<kw name="Wait For Registration Success" owner="register_page">
<kw name="Wait Until Element Is Visible" owner="SeleniumLibrary">
<arg>${regis_locator_Regis_Success}</arg>
<arg>10s</arg>
<doc>Waits until the element ``locator`` is visible.</doc>
<status status="PASS" start="2024-09-26T17:42:20.715901" elapsed="0.426147"/>
</kw>
<kw name="Click Element" owner="SeleniumLibrary">
<msg time="2024-09-26T17:42:21.142317" level="INFO">Clicking element 'xpath=/html/body/div[2]/div/div[2]/div/div[2]/div/div/div[2]/button'.</msg>
<arg>${regis_locator_Click_btn_ok}</arg>
<doc>Click the element identified by ``locator``.</doc>
<status status="PASS" start="2024-09-26T17:42:21.142179" elapsed="0.018940"/>
</kw>
<kw name="Sleep" owner="BuiltIn">
<msg time="2024-09-26T17:42:25.163520" level="INFO">Slept 4 seconds.</msg>
<arg>4</arg>
<doc>Pauses the test executed for the given time.</doc>
<status status="PASS" start="2024-09-26T17:42:21.161360" elapsed="4.002237"/>
</kw>
<status status="PASS" start="2024-09-26T17:42:20.715727" elapsed="4.447939"/>
</kw>
<kw name="Sleep" owner="BuiltIn">
<msg time="2024-09-26T17:42:30.164497" level="INFO">Slept 5 seconds.</msg>
<arg>5</arg>
<doc>Pauses the test executed for the given time.</doc>
<status status="PASS" start="2024-09-26T17:42:25.163829" elapsed="5.000740"/>
</kw>
<status status="PASS" start="2024-09-26T17:42:17.325423" elapsed="12.839320"/>
</test>
<status status="PASS" start="2024-09-26T17:42:17.192938" elapsed="12.972083"/>
</suite>
<statistics>
<total>
<stat pass="1" fail="0" skip="0">All Tests</stat>
</total>
<tag>
</tag>
<suite>
<stat pass="1" fail="0" skip="0" id="s1" name="TC01">TC01</stat>
</suite>
</statistics>
<errors>
</errors>
</robot>
